{"message":"Current date: Fri Aug 07 2020 10:40:44 GMT-0400 (Eastern Daylight Time)","level":"info","service":"user-service"}
{"message":"Finished downloading: aih_ep0","level":"info","service":"user-service"}
{"message":"Finished downloading: aih_ep1","level":"info","service":"user-service"}
{"message":"Finished downloading: aih_ep2","level":"info","service":"user-service"}
{"message":"Finished downloading: aih_ep3","level":"info","service":"user-service"}
{"message":"Finished downloading: aih_ep4","level":"info","service":"user-service"}
{"message":"Finished downloading: aih_ep5","level":"info","service":"user-service"}
{"message":"Finished downloading: aih_ep6","level":"info","service":"user-service"}
{"message":"Finished downloading: aih_ep7","level":"info","service":"user-service"}
{"message":"Finished downloading: aih_ep8","level":"info","service":"user-service"}
{"message":"Finished downloading: aih_ep9","level":"info","service":"user-service"}
{"message":"Finished downloading: aih_ep10","level":"info","service":"user-service"}
{"message":"Finished downloading: aih_ep11","level":"info","service":"user-service"}
{"message":"Finished downloading: aih_ep12","level":"info","service":"user-service"}
{"message":"Finished downloading: aih_ep13","level":"info","service":"user-service"}
{"message":"Finished downloading: aih_ep14","level":"info","service":"user-service"}
{"message":"Finished downloading: aih_ep15","level":"info","service":"user-service"}
{"message":"Finished downloading: aih_ep16","level":"info","service":"user-service"}
{"message":"Finished downloading: aih_ep17","level":"info","service":"user-service"}
{"message":"Finished downloading: aih_ep18","level":"info","service":"user-service"}
{"message":"Finished downloading: aih_ep19","level":"info","service":"user-service"}
{"message":"Finished downloading: aih_ep20","level":"info","service":"user-service"}
{"message":"Finished downloading: aih_ep21","level":"info","service":"user-service"}
{"message":"Finished downloading: aih_ep22","level":"info","service":"user-service"}
{"message":"Finished downloading: aih_ep23","level":"info","service":"user-service"}
{"message":"Finished downloading: aih_ep24","level":"info","service":"user-service"}
{"message":"Finished downloading: aih_ep25","level":"info","service":"user-service"}
{"message":"Finished downloading: aih_ep26","level":"info","service":"user-service"}
{"message":"Finished downloading: aih_ep27","level":"info","service":"user-service"}
{"message":"Finished downloading: mar_ep0","level":"info","service":"user-service"}
{"message":"Finished downloading: mar_ep1","level":"info","service":"user-service"}
{"message":"Finished downloading: mar_ep2","level":"info","service":"user-service"}
{"message":"Finished downloading: mar_ep3","level":"info","service":"user-service"}
{"message":"Finished downloading: mar_ep4","level":"info","service":"user-service"}
{"message":"Finished downloading: mar_ep5","level":"info","service":"user-service"}
{"message":"Finished downloading: mar_ep6","level":"info","service":"user-service"}
{"message":"Finished downloading: mar_ep7","level":"info","service":"user-service"}
{"message":"Finished downloading: mar_ep8","level":"info","service":"user-service"}
{"message":"Finished downloading: mar_ep9","level":"info","service":"user-service"}
{"message":"Finished downloading: mar_ep10","level":"info","service":"user-service"}
{"message":"Finished downloading: mar_ep11","level":"info","service":"user-service"}
{"message":"Finished downloading: mar_ep12","level":"info","service":"user-service"}
{"message":"Finished downloading: mar_ep13","level":"info","service":"user-service"}
{"message":"Finished downloading: wih_ep0","level":"info","service":"user-service"}
{"message":"Finished downloading: wih_ep1","level":"info","service":"user-service"}
{"message":"Finished downloading: wih_ep2","level":"info","service":"user-service"}
{"message":"Finished downloading: wih_ep3","level":"info","service":"user-service"}
{"message":"Finished downloading: wih_ep4","level":"info","service":"user-service"}
{"message":"Finished downloading: wih_ep5","level":"info","service":"user-service"}
{"message":"Finished downloading: wih_ep6","level":"info","service":"user-service"}
{"message":"Finished downloading: wih_ep7","level":"info","service":"user-service"}
{"message":"Finished downloading: wih_ep8","level":"info","service":"user-service"}
{"message":"Finished downloading: wih_ep9","level":"info","service":"user-service"}
{"message":"Finished downloading: wih_ep10","level":"info","service":"user-service"}
{"message":"Finished downloading: wih_ep11","level":"info","service":"user-service"}
{"message":"Finished downloading: wih_ep12","level":"info","service":"user-service"}
{"message":"Finished downloading: wih_ep13","level":"info","service":"user-service"}
{"message":"Finished downloading: wih_ep14","level":"info","service":"user-service"}
{"message":"Finished downloading: wih_ep15","level":"info","service":"user-service"}
{"message":"Finished downloading: wih_ep16","level":"info","service":"user-service"}
{"message":"Finished downloading: wih_ep17","level":"info","service":"user-service"}
{"message":"Finished downloading: wih_ep18","level":"info","service":"user-service"}
{"message":"Finished downloading: wih_ep19","level":"info","service":"user-service"}
{"message":"Finished downloading: wih_ep20","level":"info","service":"user-service"}
{"message":"Finished downloading: wih_ep21","level":"info","service":"user-service"}
{"message":"Finished downloading: wih_ep22","level":"info","service":"user-service"}
{"message":"Finished downloading: wih_ep23","level":"info","service":"user-service"}
{"message":"Finished downloading: wih_ep24","level":"info","service":"user-service"}
{"message":"Finished downloading: wih_ep25","level":"info","service":"user-service"}
{"message":"Finished downloading: wih_ep26","level":"info","service":"user-service"}
{"message":"Finished downloading: wih_ep27","level":"info","service":"user-service"}
{"message":"Finished downloading: wih_ep28","level":"info","service":"user-service"}
{"message":"Finished downloading: wih_ep29","level":"info","service":"user-service"}
{"message":"Finished downloading: wih_ep30","level":"info","service":"user-service"}
{"message":"Finished downloading: wih_ep31","level":"info","service":"user-service"}
{"message":"Finished downloading: wih_ep32","level":"info","service":"user-service"}
{"message":"Finished downloading: wih_ep33","level":"info","service":"user-service"}
{"message":"Finished downloading: sih_ep0","level":"info","service":"user-service"}
{"message":"Finished downloading: sih_ep1","level":"info","service":"user-service"}
{"message":"Finished downloading: sih_ep2","level":"info","service":"user-service"}
{"message":"Finished downloading: sih_ep3","level":"info","service":"user-service"}
{"message":"Finished downloading: sih_ep4","level":"info","service":"user-service"}
{"message":"Finished downloading: sih_ep5","level":"info","service":"user-service"}
{"message":"Finished downloading: sih_ep6","level":"info","service":"user-service"}
{"message":"Finished downloading: sih_ep7","level":"info","service":"user-service"}
{"message":"Finished downloading: sih_ep8","level":"info","service":"user-service"}
{"message":"Finished downloading: sih_ep9","level":"info","service":"user-service"}
{"message":"Finished downloading: sih_ep10","level":"info","service":"user-service"}
{"message":"Finished downloading: sih_ep11","level":"info","service":"user-service"}
{"message":"Finished downloading: sih_ep12","level":"info","service":"user-service"}
{"message":"Finished downloading: sih_ep13","level":"info","service":"user-service"}
{"message":"Finished downloading: sih_ep14","level":"info","service":"user-service"}
{"message":"Finished downloading: sih_ep15","level":"info","service":"user-service"}
{"message":"Finished downloading: sih_ep16","level":"info","service":"user-service"}
{"message":"Finished downloading: sih_ep17","level":"info","service":"user-service"}
{"message":"Finished downloading: sih_ep18","level":"info","service":"user-service"}
{"message":"Finished downloading: sih_ep19","level":"info","service":"user-service"}
{"message":"Finished downloading: sih_ep20","level":"info","service":"user-service"}
{"message":"Finished downloading: sih_ep21","level":"info","service":"user-service"}
{"message":"Finished downloading: sih_ep22","level":"info","service":"user-service"}
{"message":"Finished downloading: sih_ep23","level":"info","service":"user-service"}
{"message":"Finished downloading: sih_ep24","level":"info","service":"user-service"}
{"message":"Finished downloading: sih_ep25","level":"info","service":"user-service"}
{"message":"Finished downloading: sih_ep26","level":"info","service":"user-service"}
{"message":"Finished downloading: sih_ep27","level":"info","service":"user-service"}
{"message":"Finished downloading: sih_ep28","level":"info","service":"user-service"}
{"message":"Finished downloading: sih_ep29","level":"info","service":"user-service"}
{"message":"Finished downloading: sih_ep30","level":"info","service":"user-service"}
{"message":"Finished downloading: sih_ep31","level":"info","service":"user-service"}
{"message":"Finished downloading: sih_ep32","level":"info","service":"user-service"}
{"message":"Finished downloading: sih_ep33","level":"info","service":"user-service"}
{"message":"Finished downloading: sih_ep34","level":"info","service":"user-service"}
{"message":"Finished downloading: sih_ep35","level":"info","service":"user-service"}
{"message":"Finished downloading: sih_ep36","level":"info","service":"user-service"}
{"message":"Finished downloading: sih_ep37","level":"info","service":"user-service"}
{"message":"Finished downloading: sih_ep38","level":"info","service":"user-service"}
{"message":"Finished downloading: sih_ep39","level":"info","service":"user-service"}
{"message":"Finished downloading: sih_ep40","level":"info","service":"user-service"}
{"message":"Finished downloading: sih_ep41","level":"info","service":"user-service"}
{"message":"Finished downloading: sih_ep42","level":"info","service":"user-service"}
{"message":"Finished downloading: sih_ep43","level":"info","service":"user-service"}
{"message":"Finished downloading: sih_ep44","level":"info","service":"user-service"}
{"message":"Finished downloading: sih_ep45","level":"info","service":"user-service"}
{"message":"Finished downloading: sih_ep46","level":"info","service":"user-service"}
{"message":"Finished downloading: cw_ep0","level":"info","service":"user-service"}
{"message":"Finished downloading: cw_ep1","level":"info","service":"user-service"}
{"message":"Finished downloading: cw_ep2","level":"info","service":"user-service"}
{"message":"Finished downloading: cw_ep3","level":"info","service":"user-service"}
{"message":"Finished downloading: cw_ep4","level":"info","service":"user-service"}
{"message":"Finished downloading: cw_ep5","level":"info","service":"user-service"}
{"message":"Finished downloading: cw_ep6","level":"info","service":"user-service"}
{"message":"Finished downloading: cw_ep7","level":"info","service":"user-service"}
{"message":"Finished downloading: cw_ep8","level":"info","service":"user-service"}
{"message":"Finished downloading: cw_ep9","level":"info","service":"user-service"}
{"message":"Finished downloading: cw_ep10","level":"info","service":"user-service"}
{"message":"Finished downloading: cw_ep11","level":"info","service":"user-service"}
{"message":"Finished downloading: cw_ep12","level":"info","service":"user-service"}
{"message":"Finished downloading: cw_ep13","level":"info","service":"user-service"}
{"message":"Finished downloading: cw_ep14","level":"info","service":"user-service"}
{"message":"Finished downloading: cw_ep15","level":"info","service":"user-service"}
{"message":"Finished downloading: cw_ep16","level":"info","service":"user-service"}
{"message":"Finished downloading: cw_ep17","level":"info","service":"user-service"}
{"message":"Finished downloading: cw_ep18","level":"info","service":"user-service"}
{"message":"Finished downloading: cw_ep19","level":"info","service":"user-service"}
{"message":"Finished downloading: cw_ep20","level":"info","service":"user-service"}
{"message":"Finished downloading: cw_ep21","level":"info","service":"user-service"}
{"message":"Finished downloading: cw_ep22","level":"info","service":"user-service"}
{"message":"Finished downloading: cw_ep23","level":"info","service":"user-service"}
{"message":"Finished downloading: cw_ep24","level":"info","service":"user-service"}
{"message":"Finished downloading: cw_ep25","level":"info","service":"user-service"}
{"message":"Finished downloading: cw_ep26","level":"info","service":"user-service"}
{"message":"Finished downloading: cw_ep27","level":"info","service":"user-service"}
{"message":"Finished downloading: cw_ep28","level":"info","service":"user-service"}
{"message":"Finished downloading: cw_ep29","level":"info","service":"user-service"}
{"message":"Finished downloading: cw_ep30","level":"info","service":"user-service"}
{"message":"Finished downloading: cw_ep31","level":"info","service":"user-service"}
{"message":"Finished downloading: cw_ep32","level":"info","service":"user-service"}
{"message":"Finished downloading: cw_ep33","level":"info","service":"user-service"}
{"message":"Finished downloading: cw_ep34","level":"info","service":"user-service"}
{"message":"Finished downloading: cw_ep35","level":"info","service":"user-service"}
{"message":"Finished downloading: cw_ep36","level":"info","service":"user-service"}
{"message":"Finished downloading: cw_ep37","level":"info","service":"user-service"}
{"message":"Finished downloading: cw_ep38","level":"info","service":"user-service"}
{"message":"Finished downloading: cw_ep39","level":"info","service":"user-service"}
{"message":"Finished downloading: cw_ep40","level":"info","service":"user-service"}
{"message":"Finished downloading: tm_ep0","level":"info","service":"user-service"}
{"message":"Finished downloading: tm_ep1","level":"info","service":"user-service"}
{"message":"Finished downloading: tm_ep2","level":"info","service":"user-service"}
{"message":"Finished downloading: tm_ep3","level":"info","service":"user-service"}
{"message":"Finished downloading: tm_ep4","level":"info","service":"user-service"}
{"message":"Finished downloading: tm_ep5","level":"info","service":"user-service"}
{"message":"Finished downloading: tm_ep6","level":"info","service":"user-service"}
{"message":"Finished downloading: tm_ep7","level":"info","service":"user-service"}
{"message":"Finished downloading: tm_ep8","level":"info","service":"user-service"}
{"message":"Finished downloading: tm_ep9","level":"info","service":"user-service"}
{"message":"Finished downloading: tm_ep10","level":"info","service":"user-service"}
{"message":"Finished downloading: tm_ep11","level":"info","service":"user-service"}
{"message":"Finished downloading: tm_ep12","level":"info","service":"user-service"}
{"message":"Finished downloading: tm_ep13","level":"info","service":"user-service"}
{"message":"Finished downloading: tm_ep14","level":"info","service":"user-service"}
{"message":"Finished downloading: tm_ep15","level":"info","service":"user-service"}
{"message":"Finished downloading: tm_ep16","level":"info","service":"user-service"}
{"message":"Finished downloading: tm_ep17","level":"info","service":"user-service"}
{"message":"Finished downloading: tm_ep18","level":"info","service":"user-service"}
{"message":"Finished downloading: tm_ep19","level":"info","service":"user-service"}
{"message":"Finished downloading: tm_ep20","level":"info","service":"user-service"}
{"message":"Finished downloading: tm_ep21","level":"info","service":"user-service"}
{"message":"Finished downloading: tm_ep22","level":"info","service":"user-service"}
{"message":"Finished downloading: tm_ep23","level":"info","service":"user-service"}
{"message":"Finished downloading: tm_ep24","level":"info","service":"user-service"}
{"message":"Finished downloading: tm_ep25","level":"info","service":"user-service"}
{"message":"Finished downloading: tm_ep26","level":"info","service":"user-service"}
{"message":"Finished downloading: tm_ep27","level":"info","service":"user-service"}
{"message":"Finished downloading: tm_ep28","level":"info","service":"user-service"}
{"message":"Finished downloading: tm_ep29","level":"info","service":"user-service"}
{"message":"Finished downloading: tm_ep30","level":"info","service":"user-service"}
{"message":"Finished downloading: tm_ep31","level":"info","service":"user-service"}
{"message":"Finished downloading: tm_ep32","level":"info","service":"user-service"}
{"message":"Finished downloading: tm_ep33","level":"info","service":"user-service"}
{"message":"Finished downloading: tm_ep34","level":"info","service":"user-service"}
{"message":"Finished downloading: tm_ep35","level":"info","service":"user-service"}
{"message":"Finished downloading: tm_ep36","level":"info","service":"user-service"}
{"message":"Finished downloading: tm_ep37","level":"info","service":"user-service"}
{"message":"Finished downloading: tm_ep38","level":"info","service":"user-service"}
{"message":"Finished downloading: tm_ep39","level":"info","service":"user-service"}
{"message":"Finished downloading: tm_ep40","level":"info","service":"user-service"}
{"message":"Finished downloading: tm_ep41","level":"info","service":"user-service"}
{"message":"Finished downloading: tm_ep42","level":"info","service":"user-service"}
{"message":"Finished downloading: tm_ep43","level":"info","service":"user-service"}
{"message":"Finished downloading: tm_ep44","level":"info","service":"user-service"}
{"message":"Finished downloading: tm_ep45","level":"info","service":"user-service"}
{"message":"Finished downloading: tm_ep46","level":"info","service":"user-service"}
{"message":"Finished downloading: tm_ep47","level":"info","service":"user-service"}
{"message":"Finished downloading: tm_ep48","level":"info","service":"user-service"}
{"message":"Finished downloading: tm_ep49","level":"info","service":"user-service"}
{"message":"Finished downloading: tm_ep50","level":"info","service":"user-service"}
{"message":"Finished downloading: tm_ep51","level":"info","service":"user-service"}
{"message":"Finished downloading: tm_ep52","level":"info","service":"user-service"}
{"message":"Finished downloading: tm_ep53","level":"info","service":"user-service"}
{"message":"Finished downloading: tm_ep54","level":"info","service":"user-service"}
{"message":"Finished downloading: tm_ep55","level":"info","service":"user-service"}
{"message":"Finished downloading: tm_ep56","level":"info","service":"user-service"}
{"message":"Finished downloading: tm_ep57","level":"info","service":"user-service"}
{"message":"Finished downloading: tm_ep58","level":"info","service":"user-service"}
{"message":"Finished downloading: tm_ep59","level":"info","service":"user-service"}
{"message":"Finished downloading: tm_ep60","level":"info","service":"user-service"}
{"message":"Finished downloading: tm_ep61","level":"info","service":"user-service"}
{"message":"Finished downloading: tm_ep62","level":"info","service":"user-service"}
{"message":"Finished downloading: tm_ep63","level":"info","service":"user-service"}
{"message":"Finished downloading: ropa_ep0","level":"info","service":"user-service"}
{"message":"Finished downloading: ropa_ep1","level":"info","service":"user-service"}
{"message":"Finished downloading: ropa_ep2","level":"info","service":"user-service"}
{"message":"Finished downloading: ropa_ep3","level":"info","service":"user-service"}
{"message":"Finished downloading: ropa_ep4","level":"info","service":"user-service"}
{"message":"Finished downloading: ropa_ep5","level":"info","service":"user-service"}
{"message":"Finished downloading: ropa_ep6","level":"info","service":"user-service"}
{"message":"Finished downloading: ropa_ep7","level":"info","service":"user-service"}
{"message":"Finished downloading: ropa_ep8","level":"info","service":"user-service"}
{"message":"Finished downloading: ropa_ep9","level":"info","service":"user-service"}
{"message":"Finished downloading: ropa_ep10","level":"info","service":"user-service"}
{"message":"Finished downloading: pzn_ep0","level":"info","service":"user-service"}
{"message":"Finished downloading: pzn_ep1","level":"info","service":"user-service"}
{"message":"Finished downloading: pzn_ep2","level":"info","service":"user-service"}
{"message":"Finished downloading: pzn_ep3","level":"info","service":"user-service"}
{"message":"Finished downloading: pzn_ep4","level":"info","service":"user-service"}
{"message":"Finished downloading: pzn_ep5","level":"info","service":"user-service"}
{"message":"Finished downloading: pzn_ep6","level":"info","service":"user-service"}
{"message":"Finished downloading: pzn_ep7","level":"info","service":"user-service"}
{"message":"Finished downloading: pzn_ep8","level":"info","service":"user-service"}
{"message":"Finished downloading: pzn_ep9","level":"info","service":"user-service"}
{"message":"Finished downloading: pzn_ep10","level":"info","service":"user-service"}
{"message":"Finished downloading: pzn_ep11","level":"info","service":"user-service"}
{"message":"Finished downloading: pzn_ep12","level":"info","service":"user-service"}
{"message":"Finished downloading: pzn_ep13","level":"info","service":"user-service"}
{"message":"Finished downloading: pzn_ep14","level":"info","service":"user-service"}
{"message":"Finished downloading: pzn_ep15","level":"info","service":"user-service"}
{"message":"Finished downloading: pzn_ep16","level":"info","service":"user-service"}
{"message":"Finished downloading: pzn_ep17","level":"info","service":"user-service"}
{"message":"Finished downloading: pzn_ep18","level":"info","service":"user-service"}
{"message":"Finished downloading: pzn_ep19","level":"info","service":"user-service"}
{"message":"Finished downloading: pzn_ep20","level":"info","service":"user-service"}
{"message":"Current date: Sun Aug 23 2020 13:12:02 GMT-0400 (Eastern Daylight Time)","level":"info","service":"user-service"}
{"message":"Finished downloading: aih_ep0","level":"info","service":"user-service"}
{"message":"Finished downloading: aih_ep1","level":"info","service":"user-service"}
{"message":"Finished downloading: aih_ep2","level":"info","service":"user-service"}
{"message":"Finished downloading: aih_ep3","level":"info","service":"user-service"}
{"message":"Finished downloading: aih_ep4","level":"info","service":"user-service"}
{"message":"Finished downloading: aih_ep5","level":"info","service":"user-service"}
{"message":"Finished downloading: aih_ep6","level":"info","service":"user-service"}
{"message":"Finished downloading: aih_ep7","level":"info","service":"user-service"}
{"message":"Finished downloading: aih_ep8","level":"info","service":"user-service"}
{"message":"Finished downloading: aih_ep9","level":"info","service":"user-service"}
{"message":"Finished downloading: aih_ep10","level":"info","service":"user-service"}
{"message":"Finished downloading: aih_ep11","level":"info","service":"user-service"}
{"message":"Finished downloading: aih_ep12","level":"info","service":"user-service"}
{"message":"Finished downloading: aih_ep13","level":"info","service":"user-service"}
{"message":"Finished downloading: aih_ep14","level":"info","service":"user-service"}
{"message":"Finished downloading: aih_ep15","level":"info","service":"user-service"}
{"message":"Finished downloading: aih_ep16","level":"info","service":"user-service"}
{"message":"Finished downloading: aih_ep17","level":"info","service":"user-service"}
{"message":"Finished downloading: aih_ep18","level":"info","service":"user-service"}
{"message":"Finished downloading: aih_ep19","level":"info","service":"user-service"}
{"message":"Finished downloading: aih_ep20","level":"info","service":"user-service"}
{"message":"Finished downloading: aih_ep21","level":"info","service":"user-service"}
{"message":"Finished downloading: aih_ep22","level":"info","service":"user-service"}
{"message":"Finished downloading: aih_ep23","level":"info","service":"user-service"}
{"message":"Finished downloading: aih_ep24","level":"info","service":"user-service"}
{"message":"Finished downloading: aih_ep25","level":"info","service":"user-service"}
{"message":"Finished downloading: aih_ep26","level":"info","service":"user-service"}
{"message":"Finished downloading: aih_ep27","level":"info","service":"user-service"}
{"message":"Finished downloading: aih_ep28","level":"info","service":"user-service"}
{"message":"Finished downloading: mar_ep0","level":"info","service":"user-service"}
{"message":"Finished downloading: mar_ep1","level":"info","service":"user-service"}
{"message":"Finished downloading: mar_ep2","level":"info","service":"user-service"}
{"message":"Finished downloading: mar_ep3","level":"info","service":"user-service"}
{"message":"Finished downloading: mar_ep4","level":"info","service":"user-service"}
{"message":"Finished downloading: mar_ep5","level":"info","service":"user-service"}
{"message":"Finished downloading: mar_ep6","level":"info","service":"user-service"}
{"message":"Finished downloading: mar_ep7","level":"info","service":"user-service"}
{"message":"Finished downloading: mar_ep8","level":"info","service":"user-service"}
{"message":"Finished downloading: mar_ep9","level":"info","service":"user-service"}
{"message":"Finished downloading: mar_ep10","level":"info","service":"user-service"}
{"message":"Finished downloading: mar_ep11","level":"info","service":"user-service"}
{"message":"Finished downloading: mar_ep12","level":"info","service":"user-service"}
{"message":"Finished downloading: mar_ep13","level":"info","service":"user-service"}
{"message":"Finished downloading: wih_ep0","level":"info","service":"user-service"}
{"message":"Finished downloading: wih_ep1","level":"info","service":"user-service"}
{"message":"Finished downloading: wih_ep2","level":"info","service":"user-service"}
{"message":"Finished downloading: wih_ep3","level":"info","service":"user-service"}
{"message":"Finished downloading: wih_ep4","level":"info","service":"user-service"}
{"message":"Finished downloading: wih_ep5","level":"info","service":"user-service"}
{"message":"Finished downloading: wih_ep6","level":"info","service":"user-service"}
{"message":"Finished downloading: wih_ep7","level":"info","service":"user-service"}
{"message":"Finished downloading: wih_ep8","level":"info","service":"user-service"}
{"message":"Finished downloading: wih_ep9","level":"info","service":"user-service"}
{"message":"Finished downloading: wih_ep10","level":"info","service":"user-service"}
{"message":"Finished downloading: wih_ep11","level":"info","service":"user-service"}
{"message":"Finished downloading: wih_ep12","level":"info","service":"user-service"}
{"message":"Finished downloading: wih_ep13","level":"info","service":"user-service"}
{"message":"Finished downloading: wih_ep14","level":"info","service":"user-service"}
{"message":"Finished downloading: wih_ep15","level":"info","service":"user-service"}
{"message":"Finished downloading: wih_ep16","level":"info","service":"user-service"}
{"message":"Finished downloading: wih_ep17","level":"info","service":"user-service"}
{"message":"Finished downloading: wih_ep18","level":"info","service":"user-service"}
{"message":"Finished downloading: wih_ep19","level":"info","service":"user-service"}
{"message":"Finished downloading: wih_ep20","level":"info","service":"user-service"}
{"message":"Finished downloading: wih_ep21","level":"info","service":"user-service"}
{"message":"Finished downloading: wih_ep22","level":"info","service":"user-service"}
{"message":"Finished downloading: wih_ep23","level":"info","service":"user-service"}
{"message":"Finished downloading: wih_ep24","level":"info","service":"user-service"}
{"message":"Finished downloading: wih_ep25","level":"info","service":"user-service"}
{"message":"Finished downloading: wih_ep26","level":"info","service":"user-service"}
{"message":"Finished downloading: wih_ep27","level":"info","service":"user-service"}
{"message":"Finished downloading: wih_ep28","level":"info","service":"user-service"}
{"message":"Finished downloading: wih_ep29","level":"info","service":"user-service"}
{"message":"Finished downloading: wih_ep30","level":"info","service":"user-service"}
{"message":"Finished downloading: wih_ep31","level":"info","service":"user-service"}
{"message":"Finished downloading: wih_ep32","level":"info","service":"user-service"}
{"message":"Finished downloading: wih_ep33","level":"info","service":"user-service"}
{"message":"Finished downloading: sih_ep0","level":"info","service":"user-service"}
{"message":"Finished downloading: sih_ep1","level":"info","service":"user-service"}
{"message":"Finished downloading: sih_ep2","level":"info","service":"user-service"}
{"message":"Finished downloading: sih_ep3","level":"info","service":"user-service"}
{"message":"Finished downloading: sih_ep4","level":"info","service":"user-service"}
{"message":"Finished downloading: sih_ep5","level":"info","service":"user-service"}
{"message":"Finished downloading: sih_ep6","level":"info","service":"user-service"}
{"message":"Finished downloading: sih_ep7","level":"info","service":"user-service"}
{"message":"Finished downloading: sih_ep8","level":"info","service":"user-service"}
{"message":"Finished downloading: sih_ep9","level":"info","service":"user-service"}
{"message":"Finished downloading: sih_ep10","level":"info","service":"user-service"}
{"message":"Finished downloading: sih_ep11","level":"info","service":"user-service"}
{"message":"Finished downloading: sih_ep12","level":"info","service":"user-service"}
{"message":"Finished downloading: sih_ep13","level":"info","service":"user-service"}
{"message":"Finished downloading: sih_ep14","level":"info","service":"user-service"}
{"message":"Finished downloading: sih_ep15","level":"info","service":"user-service"}
{"message":"Finished downloading: sih_ep16","level":"info","service":"user-service"}
{"message":"Finished downloading: sih_ep17","level":"info","service":"user-service"}
{"message":"Finished downloading: sih_ep18","level":"info","service":"user-service"}
{"message":"Finished downloading: sih_ep19","level":"info","service":"user-service"}
{"message":"Finished downloading: sih_ep20","level":"info","service":"user-service"}
{"message":"Finished downloading: sih_ep21","level":"info","service":"user-service"}
{"message":"Finished downloading: sih_ep22","level":"info","service":"user-service"}
{"message":"Finished downloading: sih_ep23","level":"info","service":"user-service"}
{"message":"Finished downloading: sih_ep24","level":"info","service":"user-service"}
{"message":"Finished downloading: sih_ep25","level":"info","service":"user-service"}
{"message":"Finished downloading: sih_ep26","level":"info","service":"user-service"}
{"message":"Finished downloading: sih_ep27","level":"info","service":"user-service"}
{"message":"Finished downloading: sih_ep28","level":"info","service":"user-service"}
{"message":"Finished downloading: sih_ep29","level":"info","service":"user-service"}
{"message":"Finished downloading: sih_ep30","level":"info","service":"user-service"}
{"message":"Finished downloading: sih_ep31","level":"info","service":"user-service"}
{"message":"Finished downloading: sih_ep32","level":"info","service":"user-service"}
{"message":"Finished downloading: sih_ep33","level":"info","service":"user-service"}
{"message":"Finished downloading: sih_ep34","level":"info","service":"user-service"}
{"message":"Finished downloading: sih_ep35","level":"info","service":"user-service"}
{"message":"Finished downloading: sih_ep36","level":"info","service":"user-service"}
{"message":"Finished downloading: sih_ep37","level":"info","service":"user-service"}
{"message":"Finished downloading: sih_ep38","level":"info","service":"user-service"}
{"message":"Finished downloading: sih_ep39","level":"info","service":"user-service"}
{"message":"Finished downloading: sih_ep40","level":"info","service":"user-service"}
{"message":"Finished downloading: sih_ep41","level":"info","service":"user-service"}
{"message":"Finished downloading: sih_ep42","level":"info","service":"user-service"}
{"message":"Finished downloading: sih_ep43","level":"info","service":"user-service"}
{"message":"Finished downloading: sih_ep44","level":"info","service":"user-service"}
{"message":"Finished downloading: sih_ep45","level":"info","service":"user-service"}
{"message":"Finished downloading: sih_ep46","level":"info","service":"user-service"}
{"message":"Finished downloading: cw_ep0","level":"info","service":"user-service"}
{"message":"Finished downloading: cw_ep1","level":"info","service":"user-service"}
{"message":"Finished downloading: cw_ep2","level":"info","service":"user-service"}
{"message":"Finished downloading: cw_ep3","level":"info","service":"user-service"}
{"message":"Finished downloading: cw_ep4","level":"info","service":"user-service"}
{"message":"Finished downloading: cw_ep5","level":"info","service":"user-service"}
{"message":"Finished downloading: cw_ep6","level":"info","service":"user-service"}
{"message":"Finished downloading: cw_ep7","level":"info","service":"user-service"}
{"message":"Finished downloading: cw_ep8","level":"info","service":"user-service"}
{"message":"Finished downloading: cw_ep9","level":"info","service":"user-service"}
{"message":"Finished downloading: cw_ep10","level":"info","service":"user-service"}
{"message":"Finished downloading: cw_ep11","level":"info","service":"user-service"}
{"message":"Finished downloading: cw_ep12","level":"info","service":"user-service"}
{"message":"Finished downloading: cw_ep13","level":"info","service":"user-service"}
{"message":"Finished downloading: cw_ep14","level":"info","service":"user-service"}
{"message":"Finished downloading: cw_ep15","level":"info","service":"user-service"}
{"message":"Finished downloading: cw_ep16","level":"info","service":"user-service"}
{"message":"Finished downloading: cw_ep17","level":"info","service":"user-service"}
{"message":"Finished downloading: cw_ep18","level":"info","service":"user-service"}
{"message":"Finished downloading: cw_ep19","level":"info","service":"user-service"}
{"message":"Finished downloading: cw_ep20","level":"info","service":"user-service"}
{"message":"Finished downloading: cw_ep21","level":"info","service":"user-service"}
{"message":"Finished downloading: cw_ep22","level":"info","service":"user-service"}
{"message":"Finished downloading: cw_ep23","level":"info","service":"user-service"}
{"message":"Finished downloading: cw_ep24","level":"info","service":"user-service"}
{"message":"Finished downloading: cw_ep25","level":"info","service":"user-service"}
{"message":"Finished downloading: cw_ep26","level":"info","service":"user-service"}
{"message":"Finished downloading: cw_ep27","level":"info","service":"user-service"}
{"message":"Finished downloading: cw_ep28","level":"info","service":"user-service"}
{"message":"Finished downloading: cw_ep29","level":"info","service":"user-service"}
{"message":"Finished downloading: cw_ep30","level":"info","service":"user-service"}
{"message":"Finished downloading: cw_ep31","level":"info","service":"user-service"}
{"message":"Finished downloading: cw_ep32","level":"info","service":"user-service"}
{"message":"Finished downloading: cw_ep33","level":"info","service":"user-service"}
{"message":"Finished downloading: cw_ep34","level":"info","service":"user-service"}
{"message":"Finished downloading: cw_ep35","level":"info","service":"user-service"}
{"message":"Finished downloading: cw_ep36","level":"info","service":"user-service"}
{"message":"Finished downloading: cw_ep37","level":"info","service":"user-service"}
{"message":"Finished downloading: cw_ep38","level":"info","service":"user-service"}
{"message":"Finished downloading: cw_ep39","level":"info","service":"user-service"}
{"message":"Finished downloading: cw_ep40","level":"info","service":"user-service"}
{"message":"Finished downloading: cw_ep41","level":"info","service":"user-service"}
{"message":"Finished downloading: tm_ep0","level":"info","service":"user-service"}
{"message":"Finished downloading: tm_ep1","level":"info","service":"user-service"}
{"message":"Finished downloading: tm_ep2","level":"info","service":"user-service"}
{"message":"Finished downloading: tm_ep3","level":"info","service":"user-service"}
{"message":"Finished downloading: tm_ep4","level":"info","service":"user-service"}
{"message":"Finished downloading: tm_ep5","level":"info","service":"user-service"}
{"message":"Finished downloading: tm_ep6","level":"info","service":"user-service"}
{"message":"Finished downloading: tm_ep7","level":"info","service":"user-service"}
{"message":"Finished downloading: tm_ep8","level":"info","service":"user-service"}
{"message":"Finished downloading: tm_ep9","level":"info","service":"user-service"}
{"message":"Finished downloading: tm_ep10","level":"info","service":"user-service"}
{"message":"Finished downloading: tm_ep11","level":"info","service":"user-service"}
{"message":"Finished downloading: tm_ep12","level":"info","service":"user-service"}
{"message":"Finished downloading: tm_ep13","level":"info","service":"user-service"}
{"message":"Finished downloading: tm_ep14","level":"info","service":"user-service"}
{"message":"Finished downloading: tm_ep15","level":"info","service":"user-service"}
{"message":"Finished downloading: tm_ep16","level":"info","service":"user-service"}
{"message":"Finished downloading: tm_ep17","level":"info","service":"user-service"}
{"message":"Finished downloading: tm_ep18","level":"info","service":"user-service"}
{"message":"Finished downloading: tm_ep19","level":"info","service":"user-service"}
{"message":"Finished downloading: tm_ep20","level":"info","service":"user-service"}
{"message":"Finished downloading: tm_ep21","level":"info","service":"user-service"}
{"message":"Finished downloading: tm_ep22","level":"info","service":"user-service"}
{"message":"Finished downloading: tm_ep23","level":"info","service":"user-service"}
{"message":"Finished downloading: tm_ep24","level":"info","service":"user-service"}
{"message":"Finished downloading: tm_ep25","level":"info","service":"user-service"}
{"message":"Finished downloading: tm_ep26","level":"info","service":"user-service"}
{"message":"Finished downloading: tm_ep27","level":"info","service":"user-service"}
{"message":"Finished downloading: tm_ep28","level":"info","service":"user-service"}
{"message":"Finished downloading: tm_ep29","level":"info","service":"user-service"}
{"message":"Finished downloading: tm_ep30","level":"info","service":"user-service"}
{"message":"Finished downloading: tm_ep31","level":"info","service":"user-service"}
{"message":"Finished downloading: tm_ep32","level":"info","service":"user-service"}
{"message":"Finished downloading: tm_ep33","level":"info","service":"user-service"}
{"message":"Finished downloading: tm_ep34","level":"info","service":"user-service"}
{"message":"Finished downloading: tm_ep35","level":"info","service":"user-service"}
{"message":"Finished downloading: tm_ep36","level":"info","service":"user-service"}
{"message":"Finished downloading: tm_ep37","level":"info","service":"user-service"}
{"message":"Finished downloading: tm_ep38","level":"info","service":"user-service"}
{"message":"Finished downloading: tm_ep39","level":"info","service":"user-service"}
{"message":"Finished downloading: tm_ep40","level":"info","service":"user-service"}
{"message":"Finished downloading: tm_ep41","level":"info","service":"user-service"}
{"message":"Finished downloading: tm_ep42","level":"info","service":"user-service"}
{"message":"Finished downloading: tm_ep43","level":"info","service":"user-service"}
{"message":"Finished downloading: tm_ep44","level":"info","service":"user-service"}
{"message":"Finished downloading: tm_ep45","level":"info","service":"user-service"}
{"message":"Finished downloading: tm_ep46","level":"info","service":"user-service"}
{"message":"Finished downloading: tm_ep47","level":"info","service":"user-service"}
{"message":"Finished downloading: tm_ep48","level":"info","service":"user-service"}
{"message":"Finished downloading: tm_ep49","level":"info","service":"user-service"}
{"message":"Finished downloading: tm_ep50","level":"info","service":"user-service"}
{"message":"Finished downloading: tm_ep51","level":"info","service":"user-service"}
{"message":"Finished downloading: tm_ep52","level":"info","service":"user-service"}
{"message":"Finished downloading: tm_ep53","level":"info","service":"user-service"}
{"message":"Finished downloading: tm_ep54","level":"info","service":"user-service"}
{"message":"Finished downloading: tm_ep55","level":"info","service":"user-service"}
{"message":"Finished downloading: tm_ep56","level":"info","service":"user-service"}
{"message":"Finished downloading: tm_ep57","level":"info","service":"user-service"}
{"message":"Finished downloading: tm_ep58","level":"info","service":"user-service"}
{"message":"Finished downloading: tm_ep59","level":"info","service":"user-service"}
{"message":"Finished downloading: tm_ep60","level":"info","service":"user-service"}
{"message":"Finished downloading: tm_ep61","level":"info","service":"user-service"}
{"message":"Finished downloading: tm_ep62","level":"info","service":"user-service"}
{"message":"Finished downloading: tm_ep63","level":"info","service":"user-service"}
{"message":"Finished downloading: ropa_ep0","level":"info","service":"user-service"}
{"message":"Finished downloading: ropa_ep1","level":"info","service":"user-service"}
{"message":"Finished downloading: ropa_ep2","level":"info","service":"user-service"}
{"message":"Finished downloading: ropa_ep3","level":"info","service":"user-service"}
{"message":"Finished downloading: ropa_ep4","level":"info","service":"user-service"}
{"message":"Finished downloading: ropa_ep5","level":"info","service":"user-service"}
{"message":"Finished downloading: ropa_ep6","level":"info","service":"user-service"}
{"message":"Finished downloading: ropa_ep7","level":"info","service":"user-service"}
{"message":"Finished downloading: ropa_ep8","level":"info","service":"user-service"}
{"message":"Finished downloading: ropa_ep9","level":"info","service":"user-service"}
{"message":"Finished downloading: ropa_ep10","level":"info","service":"user-service"}
{"message":"Finished downloading: pzn_ep0","level":"info","service":"user-service"}
{"message":"Finished downloading: pzn_ep1","level":"info","service":"user-service"}
{"message":"Finished downloading: pzn_ep2","level":"info","service":"user-service"}
{"message":"Finished downloading: pzn_ep3","level":"info","service":"user-service"}
{"message":"Finished downloading: pzn_ep4","level":"info","service":"user-service"}
{"message":"Finished downloading: pzn_ep5","level":"info","service":"user-service"}
{"message":"Finished downloading: pzn_ep6","level":"info","service":"user-service"}
{"message":"Finished downloading: pzn_ep7","level":"info","service":"user-service"}
{"message":"Finished downloading: pzn_ep8","level":"info","service":"user-service"}
{"message":"Finished downloading: pzn_ep9","level":"info","service":"user-service"}
{"message":"Finished downloading: pzn_ep10","level":"info","service":"user-service"}
{"message":"Finished downloading: pzn_ep11","level":"info","service":"user-service"}
{"message":"Finished downloading: pzn_ep12","level":"info","service":"user-service"}
{"message":"Finished downloading: pzn_ep13","level":"info","service":"user-service"}
{"message":"Finished downloading: pzn_ep14","level":"info","service":"user-service"}
{"message":"Finished downloading: pzn_ep15","level":"info","service":"user-service"}
{"message":"Finished downloading: pzn_ep16","level":"info","service":"user-service"}
{"message":"Finished downloading: pzn_ep17","level":"info","service":"user-service"}
{"message":"Finished downloading: pzn_ep18","level":"info","service":"user-service"}
{"message":"Finished downloading: pzn_ep19","level":"info","service":"user-service"}
{"message":"Finished downloading: pzn_ep20","level":"info","service":"user-service"}
{"message":"Current date: Sun Aug 23 2020 13:24:06 GMT-0400 (Eastern Daylight Time)","level":"info","service":"user-service"}
{"message":"Finished downloading: aih_ep0","level":"info","service":"user-service"}
{"message":"Finished downloading: aih_ep1","level":"info","service":"user-service"}
{"message":"Finished downloading: aih_ep2","level":"info","service":"user-service"}
{"message":"Finished downloading: aih_ep3","level":"info","service":"user-service"}
{"message":"Finished downloading: aih_ep4","level":"info","service":"user-service"}
{"message":"Finished downloading: aih_ep5","level":"info","service":"user-service"}
{"message":"Finished downloading: aih_ep6","level":"info","service":"user-service"}
{"message":"Finished downloading: aih_ep7","level":"info","service":"user-service"}
{"message":"Finished downloading: aih_ep8","level":"info","service":"user-service"}
{"message":"Finished downloading: aih_ep9","level":"info","service":"user-service"}
{"message":"Finished downloading: aih_ep10","level":"info","service":"user-service"}
{"message":"Finished downloading: aih_ep11","level":"info","service":"user-service"}
{"message":"Finished downloading: aih_ep12","level":"info","service":"user-service"}
{"message":"Finished downloading: aih_ep13","level":"info","service":"user-service"}
{"message":"Finished downloading: aih_ep14","level":"info","service":"user-service"}
{"message":"Finished downloading: aih_ep15","level":"info","service":"user-service"}
{"message":"Finished downloading: aih_ep16","level":"info","service":"user-service"}
{"message":"Finished downloading: aih_ep17","level":"info","service":"user-service"}
{"message":"Finished downloading: aih_ep18","level":"info","service":"user-service"}
{"message":"Finished downloading: aih_ep19","level":"info","service":"user-service"}
{"message":"Finished downloading: aih_ep20","level":"info","service":"user-service"}
{"message":"Finished downloading: aih_ep21","level":"info","service":"user-service"}
{"message":"Finished downloading: aih_ep22","level":"info","service":"user-service"}
{"message":"Finished downloading: aih_ep23","level":"info","service":"user-service"}
{"message":"Finished downloading: aih_ep24","level":"info","service":"user-service"}
{"message":"Finished downloading: aih_ep25","level":"info","service":"user-service"}
{"message":"Finished downloading: aih_ep26","level":"info","service":"user-service"}
{"message":"Finished downloading: aih_ep27","level":"info","service":"user-service"}
{"message":"Finished downloading: aih_ep28","level":"info","service":"user-service"}
{"message":"Finished downloading: mar_ep0","level":"info","service":"user-service"}
{"message":"Finished downloading: mar_ep1","level":"info","service":"user-service"}
{"message":"Finished downloading: mar_ep2","level":"info","service":"user-service"}
{"message":"Finished downloading: mar_ep3","level":"info","service":"user-service"}
{"message":"Finished downloading: mar_ep4","level":"info","service":"user-service"}
{"message":"Finished downloading: mar_ep5","level":"info","service":"user-service"}
{"message":"Finished downloading: mar_ep6","level":"info","service":"user-service"}
{"message":"Finished downloading: mar_ep7","level":"info","service":"user-service"}
{"message":"Finished downloading: mar_ep8","level":"info","service":"user-service"}
{"message":"Finished downloading: mar_ep9","level":"info","service":"user-service"}
{"message":"Finished downloading: mar_ep10","level":"info","service":"user-service"}
{"message":"Finished downloading: mar_ep11","level":"info","service":"user-service"}
{"message":"Finished downloading: mar_ep12","level":"info","service":"user-service"}
{"message":"Finished downloading: mar_ep13","level":"info","service":"user-service"}
{"message":"Finished downloading: wih_ep0","level":"info","service":"user-service"}
{"message":"Finished downloading: wih_ep1","level":"info","service":"user-service"}
{"message":"Finished downloading: wih_ep2","level":"info","service":"user-service"}
{"message":"Finished downloading: wih_ep3","level":"info","service":"user-service"}
{"message":"Finished downloading: wih_ep4","level":"info","service":"user-service"}
{"message":"Finished downloading: wih_ep5","level":"info","service":"user-service"}
{"message":"Finished downloading: wih_ep6","level":"info","service":"user-service"}
{"message":"Finished downloading: wih_ep7","level":"info","service":"user-service"}
{"message":"Finished downloading: wih_ep8","level":"info","service":"user-service"}
{"message":"Finished downloading: wih_ep9","level":"info","service":"user-service"}
{"message":"Finished downloading: wih_ep10","level":"info","service":"user-service"}
{"message":"Finished downloading: wih_ep11","level":"info","service":"user-service"}
{"message":"Finished downloading: wih_ep12","level":"info","service":"user-service"}
{"message":"Finished downloading: wih_ep13","level":"info","service":"user-service"}
{"message":"Finished downloading: wih_ep14","level":"info","service":"user-service"}
{"message":"Finished downloading: wih_ep15","level":"info","service":"user-service"}
{"message":"Finished downloading: wih_ep16","level":"info","service":"user-service"}
{"message":"Finished downloading: wih_ep17","level":"info","service":"user-service"}
{"message":"Finished downloading: wih_ep18","level":"info","service":"user-service"}
{"message":"Finished downloading: wih_ep19","level":"info","service":"user-service"}
{"message":"Finished downloading: wih_ep20","level":"info","service":"user-service"}
{"message":"Finished downloading: wih_ep21","level":"info","service":"user-service"}
{"message":"Finished downloading: wih_ep22","level":"info","service":"user-service"}
{"message":"Finished downloading: wih_ep23","level":"info","service":"user-service"}
{"message":"Finished downloading: wih_ep24","level":"info","service":"user-service"}
{"message":"Finished downloading: wih_ep25","level":"info","service":"user-service"}
{"message":"Finished downloading: wih_ep26","level":"info","service":"user-service"}
{"message":"Finished downloading: wih_ep27","level":"info","service":"user-service"}
{"message":"Finished downloading: wih_ep28","level":"info","service":"user-service"}
{"message":"Finished downloading: wih_ep29","level":"info","service":"user-service"}
{"message":"Finished downloading: wih_ep30","level":"info","service":"user-service"}
{"message":"Finished downloading: wih_ep31","level":"info","service":"user-service"}
{"message":"Finished downloading: wih_ep32","level":"info","service":"user-service"}
{"message":"Finished downloading: wih_ep33","level":"info","service":"user-service"}
{"message":"Finished downloading: sih_ep0","level":"info","service":"user-service"}
{"message":"Finished downloading: sih_ep1","level":"info","service":"user-service"}
{"message":"Finished downloading: sih_ep2","level":"info","service":"user-service"}
{"message":"Finished downloading: sih_ep3","level":"info","service":"user-service"}
{"message":"Finished downloading: sih_ep4","level":"info","service":"user-service"}
{"message":"Finished downloading: sih_ep5","level":"info","service":"user-service"}
{"message":"Finished downloading: sih_ep6","level":"info","service":"user-service"}
{"message":"Finished downloading: sih_ep7","level":"info","service":"user-service"}
{"message":"Finished downloading: sih_ep8","level":"info","service":"user-service"}
{"message":"Finished downloading: sih_ep9","level":"info","service":"user-service"}
{"message":"Finished downloading: sih_ep10","level":"info","service":"user-service"}
{"message":"Finished downloading: sih_ep11","level":"info","service":"user-service"}
{"message":"Finished downloading: sih_ep12","level":"info","service":"user-service"}
{"message":"Finished downloading: sih_ep13","level":"info","service":"user-service"}
{"message":"Finished downloading: sih_ep14","level":"info","service":"user-service"}
{"message":"Finished downloading: sih_ep15","level":"info","service":"user-service"}
{"message":"Finished downloading: sih_ep16","level":"info","service":"user-service"}
{"message":"Finished downloading: sih_ep17","level":"info","service":"user-service"}
{"message":"Finished downloading: sih_ep18","level":"info","service":"user-service"}
{"message":"Finished downloading: sih_ep19","level":"info","service":"user-service"}
{"message":"Finished downloading: sih_ep20","level":"info","service":"user-service"}
{"message":"Finished downloading: sih_ep21","level":"info","service":"user-service"}
{"message":"Finished downloading: sih_ep22","level":"info","service":"user-service"}
{"message":"Finished downloading: sih_ep23","level":"info","service":"user-service"}
{"message":"Finished downloading: sih_ep24","level":"info","service":"user-service"}
{"message":"Finished downloading: sih_ep25","level":"info","service":"user-service"}
{"message":"Finished downloading: sih_ep26","level":"info","service":"user-service"}
{"message":"Finished downloading: sih_ep27","level":"info","service":"user-service"}
{"message":"Finished downloading: sih_ep28","level":"info","service":"user-service"}
{"message":"Finished downloading: sih_ep29","level":"info","service":"user-service"}
{"message":"Finished downloading: sih_ep30","level":"info","service":"user-service"}
{"message":"Finished downloading: sih_ep31","level":"info","service":"user-service"}
{"message":"Finished downloading: sih_ep32","level":"info","service":"user-service"}
{"message":"Finished downloading: sih_ep33","level":"info","service":"user-service"}
{"message":"Finished downloading: sih_ep34","level":"info","service":"user-service"}
{"message":"Finished downloading: sih_ep35","level":"info","service":"user-service"}
{"message":"Finished downloading: sih_ep36","level":"info","service":"user-service"}
{"message":"Finished downloading: sih_ep37","level":"info","service":"user-service"}
{"message":"Finished downloading: sih_ep38","level":"info","service":"user-service"}
{"message":"Finished downloading: sih_ep39","level":"info","service":"user-service"}
{"message":"Finished downloading: sih_ep40","level":"info","service":"user-service"}
{"message":"Finished downloading: sih_ep41","level":"info","service":"user-service"}
{"message":"Finished downloading: sih_ep42","level":"info","service":"user-service"}
{"message":"Finished downloading: sih_ep43","level":"info","service":"user-service"}
{"message":"Finished downloading: sih_ep44","level":"info","service":"user-service"}
{"message":"Finished downloading: sih_ep45","level":"info","service":"user-service"}
{"message":"Finished downloading: sih_ep46","level":"info","service":"user-service"}
{"message":"Finished downloading: cw_ep0","level":"info","service":"user-service"}
{"message":"Finished downloading: cw_ep1","level":"info","service":"user-service"}
{"message":"Finished downloading: cw_ep2","level":"info","service":"user-service"}
{"message":"Finished downloading: cw_ep3","level":"info","service":"user-service"}
{"message":"Finished downloading: cw_ep4","level":"info","service":"user-service"}
{"message":"Finished downloading: cw_ep5","level":"info","service":"user-service"}
{"message":"Finished downloading: cw_ep6","level":"info","service":"user-service"}
{"message":"Finished downloading: cw_ep7","level":"info","service":"user-service"}
{"message":"Finished downloading: cw_ep8","level":"info","service":"user-service"}
{"message":"Finished downloading: cw_ep9","level":"info","service":"user-service"}
{"message":"Finished downloading: cw_ep10","level":"info","service":"user-service"}
{"message":"Finished downloading: cw_ep11","level":"info","service":"user-service"}
{"message":"Finished downloading: cw_ep12","level":"info","service":"user-service"}
{"message":"Finished downloading: cw_ep13","level":"info","service":"user-service"}
{"message":"Finished downloading: cw_ep14","level":"info","service":"user-service"}
{"message":"Finished downloading: cw_ep15","level":"info","service":"user-service"}
{"message":"Finished downloading: cw_ep16","level":"info","service":"user-service"}
{"message":"Finished downloading: cw_ep17","level":"info","service":"user-service"}
{"message":"Finished downloading: cw_ep18","level":"info","service":"user-service"}
{"message":"Finished downloading: cw_ep19","level":"info","service":"user-service"}
{"message":"Finished downloading: cw_ep20","level":"info","service":"user-service"}
{"message":"Finished downloading: cw_ep21","level":"info","service":"user-service"}
{"message":"Finished downloading: cw_ep22","level":"info","service":"user-service"}
{"message":"Finished downloading: cw_ep23","level":"info","service":"user-service"}
{"message":"Finished downloading: cw_ep24","level":"info","service":"user-service"}
{"message":"Finished downloading: cw_ep25","level":"info","service":"user-service"}
{"message":"Finished downloading: cw_ep26","level":"info","service":"user-service"}
{"message":"Finished downloading: cw_ep27","level":"info","service":"user-service"}
{"message":"Finished downloading: cw_ep28","level":"info","service":"user-service"}
{"message":"Finished downloading: cw_ep29","level":"info","service":"user-service"}
{"message":"Finished downloading: cw_ep30","level":"info","service":"user-service"}
{"message":"Finished downloading: cw_ep31","level":"info","service":"user-service"}
{"message":"Finished downloading: cw_ep32","level":"info","service":"user-service"}
{"message":"Finished downloading: cw_ep33","level":"info","service":"user-service"}
{"message":"Finished downloading: cw_ep34","level":"info","service":"user-service"}
{"message":"Finished downloading: cw_ep35","level":"info","service":"user-service"}
{"message":"Finished downloading: cw_ep36","level":"info","service":"user-service"}
{"message":"Finished downloading: cw_ep37","level":"info","service":"user-service"}
{"message":"Finished downloading: cw_ep38","level":"info","service":"user-service"}
{"message":"Finished downloading: cw_ep39","level":"info","service":"user-service"}
{"message":"Finished downloading: cw_ep40","level":"info","service":"user-service"}
{"message":"Finished downloading: cw_ep41","level":"info","service":"user-service"}
{"message":"Finished downloading: tm_ep0","level":"info","service":"user-service"}
{"message":"Finished downloading: tm_ep1","level":"info","service":"user-service"}
{"message":"Finished downloading: tm_ep2","level":"info","service":"user-service"}
{"message":"Finished downloading: tm_ep3","level":"info","service":"user-service"}
{"message":"Finished downloading: tm_ep4","level":"info","service":"user-service"}
{"message":"Finished downloading: tm_ep5","level":"info","service":"user-service"}
{"message":"Finished downloading: tm_ep6","level":"info","service":"user-service"}
{"message":"Finished downloading: tm_ep7","level":"info","service":"user-service"}
{"message":"Finished downloading: tm_ep8","level":"info","service":"user-service"}
{"message":"Finished downloading: tm_ep9","level":"info","service":"user-service"}
{"message":"Finished downloading: tm_ep10","level":"info","service":"user-service"}
{"message":"Finished downloading: tm_ep11","level":"info","service":"user-service"}
{"message":"Finished downloading: tm_ep12","level":"info","service":"user-service"}
{"message":"Finished downloading: tm_ep13","level":"info","service":"user-service"}
{"message":"Finished downloading: tm_ep14","level":"info","service":"user-service"}
{"message":"Finished downloading: tm_ep15","level":"info","service":"user-service"}
{"message":"Finished downloading: tm_ep16","level":"info","service":"user-service"}
{"message":"Finished downloading: tm_ep17","level":"info","service":"user-service"}
{"message":"Finished downloading: tm_ep18","level":"info","service":"user-service"}
{"message":"Finished downloading: tm_ep19","level":"info","service":"user-service"}
{"message":"Finished downloading: tm_ep20","level":"info","service":"user-service"}
{"message":"Finished downloading: tm_ep21","level":"info","service":"user-service"}
{"message":"Finished downloading: tm_ep22","level":"info","service":"user-service"}
{"message":"Finished downloading: tm_ep23","level":"info","service":"user-service"}
{"message":"Finished downloading: tm_ep24","level":"info","service":"user-service"}
{"message":"Finished downloading: tm_ep25","level":"info","service":"user-service"}
{"message":"Finished downloading: tm_ep26","level":"info","service":"user-service"}
{"message":"Finished downloading: tm_ep27","level":"info","service":"user-service"}
{"message":"Finished downloading: tm_ep28","level":"info","service":"user-service"}
{"message":"Finished downloading: tm_ep29","level":"info","service":"user-service"}
{"message":"Finished downloading: tm_ep30","level":"info","service":"user-service"}
{"message":"Finished downloading: tm_ep31","level":"info","service":"user-service"}
{"message":"Finished downloading: tm_ep32","level":"info","service":"user-service"}
{"message":"Finished downloading: tm_ep33","level":"info","service":"user-service"}
{"message":"Finished downloading: tm_ep34","level":"info","service":"user-service"}
{"message":"Finished downloading: tm_ep35","level":"info","service":"user-service"}
{"message":"Finished downloading: tm_ep36","level":"info","service":"user-service"}
{"message":"Finished downloading: tm_ep37","level":"info","service":"user-service"}
{"message":"Finished downloading: tm_ep38","level":"info","service":"user-service"}
{"message":"Finished downloading: tm_ep39","level":"info","service":"user-service"}
{"message":"Finished downloading: tm_ep40","level":"info","service":"user-service"}
{"message":"Finished downloading: tm_ep41","level":"info","service":"user-service"}
{"message":"Finished downloading: tm_ep42","level":"info","service":"user-service"}
{"message":"Finished downloading: tm_ep43","level":"info","service":"user-service"}
{"message":"Finished downloading: tm_ep44","level":"info","service":"user-service"}
{"message":"Finished downloading: tm_ep45","level":"info","service":"user-service"}
{"message":"Finished downloading: tm_ep46","level":"info","service":"user-service"}
{"message":"Finished downloading: tm_ep47","level":"info","service":"user-service"}
{"message":"Finished downloading: tm_ep48","level":"info","service":"user-service"}
{"message":"Finished downloading: tm_ep49","level":"info","service":"user-service"}
{"message":"Finished downloading: tm_ep50","level":"info","service":"user-service"}
{"message":"Finished downloading: tm_ep51","level":"info","service":"user-service"}
{"message":"Finished downloading: tm_ep52","level":"info","service":"user-service"}
{"message":"Finished downloading: tm_ep53","level":"info","service":"user-service"}
{"message":"Finished downloading: tm_ep54","level":"info","service":"user-service"}
{"message":"Finished downloading: tm_ep55","level":"info","service":"user-service"}
{"message":"Finished downloading: tm_ep56","level":"info","service":"user-service"}
{"message":"Finished downloading: tm_ep57","level":"info","service":"user-service"}
{"message":"Finished downloading: tm_ep58","level":"info","service":"user-service"}
{"message":"Finished downloading: tm_ep59","level":"info","service":"user-service"}
{"message":"Finished downloading: tm_ep60","level":"info","service":"user-service"}
{"message":"Finished downloading: tm_ep61","level":"info","service":"user-service"}
{"message":"Finished downloading: tm_ep62","level":"info","service":"user-service"}
{"message":"Finished downloading: tm_ep63","level":"info","service":"user-service"}
{"message":"Finished downloading: ropa_ep0","level":"info","service":"user-service"}
{"message":"Finished downloading: ropa_ep1","level":"info","service":"user-service"}
{"message":"Finished downloading: ropa_ep2","level":"info","service":"user-service"}
{"message":"Finished downloading: ropa_ep3","level":"info","service":"user-service"}
{"message":"Finished downloading: ropa_ep4","level":"info","service":"user-service"}
{"message":"Finished downloading: ropa_ep5","level":"info","service":"user-service"}
{"message":"Finished downloading: ropa_ep6","level":"info","service":"user-service"}
{"message":"Finished downloading: ropa_ep7","level":"info","service":"user-service"}
{"message":"Finished downloading: ropa_ep8","level":"info","service":"user-service"}
{"message":"Finished downloading: ropa_ep9","level":"info","service":"user-service"}
{"message":"Finished downloading: ropa_ep10","level":"info","service":"user-service"}
{"message":"Finished downloading: pzn_ep0","level":"info","service":"user-service"}
{"message":"Finished downloading: pzn_ep1","level":"info","service":"user-service"}
{"message":"Finished downloading: pzn_ep2","level":"info","service":"user-service"}
{"message":"Finished downloading: pzn_ep3","level":"info","service":"user-service"}
{"message":"Finished downloading: pzn_ep4","level":"info","service":"user-service"}
{"message":"Finished downloading: pzn_ep5","level":"info","service":"user-service"}
{"message":"Finished downloading: pzn_ep6","level":"info","service":"user-service"}
{"message":"Finished downloading: pzn_ep7","level":"info","service":"user-service"}
{"message":"Finished downloading: pzn_ep8","level":"info","service":"user-service"}
{"message":"Finished downloading: pzn_ep9","level":"info","service":"user-service"}
{"message":"Finished downloading: pzn_ep10","level":"info","service":"user-service"}
{"message":"Finished downloading: pzn_ep11","level":"info","service":"user-service"}
{"message":"Finished downloading: pzn_ep12","level":"info","service":"user-service"}
{"message":"Finished downloading: pzn_ep13","level":"info","service":"user-service"}
{"message":"Finished downloading: pzn_ep14","level":"info","service":"user-service"}
{"message":"Finished downloading: pzn_ep15","level":"info","service":"user-service"}
{"message":"Finished downloading: pzn_ep16","level":"info","service":"user-service"}
{"message":"Finished downloading: pzn_ep17","level":"info","service":"user-service"}
{"message":"Finished downloading: pzn_ep18","level":"info","service":"user-service"}
{"message":"Finished downloading: pzn_ep19","level":"info","service":"user-service"}
{"message":"Finished downloading: pzn_ep20","level":"info","service":"user-service"}
